<?xml version="1.0" encoding="UTF-8"?>
<!-- Generated by org.testng.reporters.JUnitReportReporter -->
<testsuite hostname="bhargav" failures="0" tests="1" name="basePackage.TestSample" time="0.004" errors="0" timestamp="2022-04-16T06:34:04 IST" skipped="0">
  <testcase classname="basePackage.TestSample" name="urlValidation" time="0.004"/>
  <system-out>
    <![CDATA[Hello]]>
  </system-out>
</testsuite> <!-- basePackage.TestSample -->
