<?xml version="1.0" encoding="UTF-8"?>
<!-- Generated by org.testng.reporters.JUnitReportReporter -->
<testsuite hostname="bhargav" failures="0" tests="2" name="basePackage.TestSample" time="0.028" errors="0" timestamp="2022-04-21T07:01:52 IST" skipped="0">
  <testcase classname="basePackage.TestSample" name="tileValidation" time="0.017"/>
  <system-out>
    <![CDATA[Expected Tile: My Store
Actaul Title: My Store]]>
  </system-out>
  <testcase classname="basePackage.TestSample" name="urlValidation" time="0.011"/>
  <system-out>
    <![CDATA[Expected Url: http://automationpractice.com/
Current Url: http://automationpractice.com/index.php]]>
  </system-out>
</testsuite> <!-- basePackage.TestSample -->
