<?xml version="1.0" encoding="UTF-8"?>
<!-- Generated by org.testng.reporters.JUnitReportReporter -->
<testsuite hostname="bhargav" failures="0" tests="1" name="basePackage.SignUpFlow" time="3.225" errors="0" timestamp="2022-04-21T05:34:20 IST" skipped="0">
  <testcase classname="basePackage.SignUpFlow" name="singUpFlow" time="3.225"/>
  <system-out/>
</testsuite> <!-- basePackage.SignUpFlow -->
