<?xml version="1.0" encoding="UTF-8"?>
<!-- Generated by org.testng.reporters.JUnitReportReporter -->
<testsuite hostname="bhargav" failures="0" tests="1" name="basePackage.SignUpFlow" time="2.683" errors="0" timestamp="2022-04-21T07:01:52 IST" skipped="0">
  <testcase classname="basePackage.SignUpFlow" name="singUpFlow" time="2.683"/>
  <system-out/>
</testsuite> <!-- basePackage.SignUpFlow -->
